<?xml version="1.0" encoding="UTF-8"?>
<testng-results skipped="0" failed="1" ignored="0" total="4" passed="3">
  <reporter-output>
    <line>
      <![CDATA[Base URI : https://accbe-i01.int.diconium.com/acc]]>
    </line>
    <line>
      <![CDATA[Path : /ws/accident/services-api/v1/claims]]>
    </line>
    <line>
      <![CDATA[Claim created and claim Id is 1468]]>
    </line>
    <line>
      <![CDATA[Base URI : https://accbe-i01.int.diconium.com/acc]]>
    </line>
    <line>
      <![CDATA[Path : ws/accident/services-api/v1/claims/1468/assets]]>
    </line>
    <line>
      <![CDATA[response code received for Asset attachment request is 810]]>
    </line>
    <line>
      <![CDATA[Base URI : https://accbe-i01.int.diconium.com/acc]]>
    </line>
    <line>
      <![CDATA[Path : ws/accident/services-api/v1/claims/1468/assets]]>
    </line>
    <line>
      <![CDATA[response code received for Asset attachment request is 810]]>
    </line>
    <line>
      <![CDATA[Base URI : https://accbe-i01.int.diconium.com/acc]]>
    </line>
    <line>
      <![CDATA[Path : /ws/accident/services-api/v1/claims]]>
    </line>
    <line>
      <![CDATA[Claim created and claim Id is 1469]]>
    </line>
    <line>
      <![CDATA[Base URI : https://accbe-i01.int.diconium.com/acc]]>
    </line>
    <line>
      <![CDATA[Path : ws/accident/services-api/v1/claims/1469/assets]]>
    </line>
    <line>
      <![CDATA[response code received for Asset attachment request is 810]]>
    </line>
    <line>
      <![CDATA[Base URI : https://accbe-i01.int.diconium.com/acc]]>
    </line>
    <line>
      <![CDATA[Path : /ws/accident/services-api/v1/claims]]>
    </line>
    <line>
      <![CDATA[Claim created and claim Id is 1470]]>
    </line>
    <line>
      <![CDATA[Base URI : https://accbe-i01.int.diconium.com/acc]]>
    </line>
    <line>
      <![CDATA[Path : /ws/accident/services-api/v1/claims]]>
    </line>
    <line>
      <![CDATA[Claim created and claim Id is 1471]]>
    </line>
    <line>
      <![CDATA[Base URI : https://accbe-i01.int.diconium.com/acc]]>
    </line>
    <line>
      <![CDATA[Path : ws/accident/services-api/v1/claims/1471/assets]]>
    </line>
    <line>
      <![CDATA[response code received for Asset attachment request is 810]]>
    </line>
    <line>
      <![CDATA[Base URI : https://accbe-i01.int.diconium.com/acc]]>
    </line>
    <line>
      <![CDATA[Path : ws/accident/services-api/v1/claims/1471/assets]]>
    </line>
    <line>
      <![CDATA[response code received for Asset attachment request is 810]]>
    </line>
  </reporter-output>
  <suite name="Regression suite" duration-ms="13101" started-at="2018-07-08T15:50:00Z" finished-at="2018-07-08T15:50:13Z">
    <groups>
    </groups>
    <test name="ACC" duration-ms="13101" started-at="2018-07-08T15:50:00Z" finished-at="2018-07-08T15:50:13Z">
      <class name="acc_timeOut.sampleAccTests">
        <test-method status="PASS" signature="overloadedAssetAttachment()[pri:0, instance:acc_timeOut.sampleAccTests@5b5b8730]" name="overloadedAssetAttachment" duration-ms="8099" started-at="2018-07-08T15:50:00Z" description="Add more than the permitted asset" finished-at="2018-07-08T15:50:08Z">
          <reporter-output>
            <line>
              <![CDATA[Base URI : https://accbe-i01.int.diconium.com/acc]]>
            </line>
            <line>
              <![CDATA[Path : /ws/accident/services-api/v1/claims]]>
            </line>
            <line>
              <![CDATA[Claim created and claim Id is 1468]]>
            </line>
            <line>
              <![CDATA[Base URI : https://accbe-i01.int.diconium.com/acc]]>
            </line>
            <line>
              <![CDATA[Path : ws/accident/services-api/v1/claims/1468/assets]]>
            </line>
            <line>
              <![CDATA[response code received for Asset attachment request is 810]]>
            </line>
            <line>
              <![CDATA[Base URI : https://accbe-i01.int.diconium.com/acc]]>
            </line>
            <line>
              <![CDATA[Path : ws/accident/services-api/v1/claims/1468/assets]]>
            </line>
            <line>
              <![CDATA[response code received for Asset attachment request is 810]]>
            </line>
          </reporter-output>
        </test-method> <!-- overloadedAssetAttachment -->
        <test-method status="PASS" signature="permittedAssetAttachment()[pri:0, instance:acc_timeOut.sampleAccTests@5b5b8730]" name="permittedAssetAttachment" duration-ms="649" started-at="2018-07-08T15:50:08Z" description="Add allowed asset" finished-at="2018-07-08T15:50:09Z">
          <reporter-output>
            <line>
              <![CDATA[Base URI : https://accbe-i01.int.diconium.com/acc]]>
            </line>
            <line>
              <![CDATA[Path : /ws/accident/services-api/v1/claims]]>
            </line>
            <line>
              <![CDATA[Claim created and claim Id is 1469]]>
            </line>
            <line>
              <![CDATA[Base URI : https://accbe-i01.int.diconium.com/acc]]>
            </line>
            <line>
              <![CDATA[Path : ws/accident/services-api/v1/claims/1469/assets]]>
            </line>
            <line>
              <![CDATA[response code received for Asset attachment request is 810]]>
            </line>
          </reporter-output>
        </test-method> <!-- permittedAssetAttachment -->
        <test-method status="PASS" signature="testClaimCreation()[pri:0, instance:acc_timeOut.sampleAccTests@5b5b8730]" name="testClaimCreation" duration-ms="235" started-at="2018-07-08T15:50:09Z" description="Claim creation test" finished-at="2018-07-08T15:50:09Z">
          <reporter-output>
            <line>
              <![CDATA[Base URI : https://accbe-i01.int.diconium.com/acc]]>
            </line>
            <line>
              <![CDATA[Path : /ws/accident/services-api/v1/claims]]>
            </line>
            <line>
              <![CDATA[Claim created and claim Id is 1470]]>
            </line>
          </reporter-output>
        </test-method> <!-- testClaimCreation -->
        <test-method status="FAIL" signature="timedOutAssetAttachment()[pri:0, instance:acc_timeOut.sampleAccTests@5b5b8730]" name="timedOutAssetAttachment" duration-ms="4046" started-at="2018-07-08T15:50:09Z" description="Add asset after time out" finished-at="2018-07-08T15:50:13Z">
          <exception class="java.lang.AssertionError">
            <message>
              <![CDATA[Failure message expected [810] but found [0]]]>
            </message>
            <full-stacktrace>
              <![CDATA[java.lang.AssertionError: Failure message expected [810] but found [0]
at org.testng.Assert.fail(Assert.java:96)
at org.testng.Assert.failNotEquals(Assert.java:776)
at org.testng.Assert.assertEqualsImpl(Assert.java:137)
at org.testng.Assert.assertEquals(Assert.java:118)
at org.testng.Assert.assertEquals(Assert.java:652)
at acc_timeOut.sampleAccTests.timedOutAssetAttachment(sampleAccTests.java:52)
at sun.reflect.NativeMethodAccessorImpl.invoke0(Native Method)
at sun.reflect.NativeMethodAccessorImpl.invoke(NativeMethodAccessorImpl.java:62)
at sun.reflect.DelegatingMethodAccessorImpl.invoke(DelegatingMethodAccessorImpl.java:43)
at java.lang.reflect.Method.invoke(Method.java:498)
at org.testng.internal.MethodInvocationHelper.invokeMethod(MethodInvocationHelper.java:124)
at org.testng.internal.Invoker.invokeMethod(Invoker.java:583)
at org.testng.internal.Invoker.invokeTestMethod(Invoker.java:719)
at org.testng.internal.Invoker.invokeTestMethods(Invoker.java:989)
at org.testng.internal.TestMethodWorker.invokeTestMethods(TestMethodWorker.java:125)
at org.testng.internal.TestMethodWorker.run(TestMethodWorker.java:109)
at org.testng.TestRunner.privateRun(TestRunner.java:648)
at org.testng.TestRunner.run(TestRunner.java:505)
at org.testng.SuiteRunner.runTest(SuiteRunner.java:455)
at org.testng.SuiteRunner.runSequentially(SuiteRunner.java:450)
at org.testng.SuiteRunner.privateRun(SuiteRunner.java:415)
at org.testng.SuiteRunner.run(SuiteRunner.java:364)
at org.testng.SuiteRunnerWorker.runSuite(SuiteRunnerWorker.java:52)
at org.testng.SuiteRunnerWorker.run(SuiteRunnerWorker.java:84)
at org.testng.TestNG.runSuitesSequentially(TestNG.java:1208)
at org.testng.TestNG.runSuitesLocally(TestNG.java:1137)
at org.testng.TestNG.runSuites(TestNG.java:1049)
at org.testng.TestNG.run(TestNG.java:1017)
at org.apache.maven.surefire.testng.TestNGExecutor.run(TestNGExecutor.java:295)
at org.apache.maven.surefire.testng.TestNGXmlTestSuite.execute(TestNGXmlTestSuite.java:84)
at org.apache.maven.surefire.testng.TestNGProvider.invoke(TestNGProvider.java:90)
at org.apache.maven.surefire.booter.ForkedBooter.invokeProviderInSameClassLoader(ForkedBooter.java:203)
at org.apache.maven.surefire.booter.ForkedBooter.runSuitesInProcess(ForkedBooter.java:155)
at org.apache.maven.surefire.booter.ForkedBooter.main(ForkedBooter.java:103)
]]>
            </full-stacktrace>
          </exception> <!-- java.lang.AssertionError -->
          <reporter-output>
            <line>
              <![CDATA[Base URI : https://accbe-i01.int.diconium.com/acc]]>
            </line>
            <line>
              <![CDATA[Path : /ws/accident/services-api/v1/claims]]>
            </line>
            <line>
              <![CDATA[Claim created and claim Id is 1471]]>
            </line>
            <line>
              <![CDATA[Base URI : https://accbe-i01.int.diconium.com/acc]]>
            </line>
            <line>
              <![CDATA[Path : ws/accident/services-api/v1/claims/1471/assets]]>
            </line>
            <line>
              <![CDATA[response code received for Asset attachment request is 810]]>
            </line>
            <line>
              <![CDATA[Base URI : https://accbe-i01.int.diconium.com/acc]]>
            </line>
            <line>
              <![CDATA[Path : ws/accident/services-api/v1/claims/1471/assets]]>
            </line>
            <line>
              <![CDATA[response code received for Asset attachment request is 810]]>
            </line>
          </reporter-output>
        </test-method> <!-- timedOutAssetAttachment -->
      </class> <!-- acc_timeOut.sampleAccTests -->
    </test> <!-- ACC -->
  </suite> <!-- Regression suite -->
</testng-results>
